Started GET "/" for 127.0.0.1 at 2018-04-21 07:25:27 +1000
Processing by Rails::WelcomeController#index as HTML
  Rendering /Users/Spencer/.rvm/gems/ruby-2.4.2/gems/railties-5.2.0/lib/rails/templates/rails/welcome/index.html.erb
  Rendered /Users/Spencer/.rvm/gems/ruby-2.4.2/gems/railties-5.2.0/lib/rails/templates/rails/welcome/index.html.erb (4.2ms)
Completed 200 OK in 23ms (Views: 11.3ms | ActiveRecord: 0.0ms)


  [1m[35m (0.3ms)[0m  [1m[34mSELECT sqlite_version(*)[0m
  ↳ /Users/Spencer/.rvm/gems/ruby-2.4.2/bin/rake:23
  [1m[35m (1.5ms)[0m  [1m[35mCREATE TABLE "schema_migrations" ("version" varchar NOT NULL PRIMARY KEY)[0m
  ↳ /Users/Spencer/.rvm/gems/ruby-2.4.2/bin/rake:23
  [1m[35m (0.7ms)[0m  [1m[35mCREATE TABLE "ar_internal_metadata" ("key" varchar NOT NULL PRIMARY KEY, "value" varchar, "created_at" datetime NOT NULL, "updated_at" datetime NOT NULL)[0m
  ↳ /Users/Spencer/.rvm/gems/ruby-2.4.2/bin/rake:23
  [1m[35m (0.1ms)[0m  [1m[34mSELECT "schema_migrations"."version" FROM "schema_migrations" ORDER BY "schema_migrations"."version" ASC[0m
  ↳ /Users/Spencer/.rvm/gems/ruby-2.4.2/bin/rake:23
Migrating to CreateUsers (20180420214438)
  [1m[35m (0.1ms)[0m  [1m[36mbegin transaction[0m
  ↳ /Users/Spencer/.rvm/gems/ruby-2.4.2/bin/rake:23
  [1m[35m (0.0ms)[0m  [1m[31mrollback transaction[0m
  ↳ /Users/Spencer/.rvm/gems/ruby-2.4.2/bin/rake:23
  [1m[35m (0.1ms)[0m  [1m[34mSELECT "schema_migrations"."version" FROM "schema_migrations" ORDER BY "schema_migrations"."version" ASC[0m
  ↳ /Users/Spencer/.rvm/gems/ruby-2.4.2/bin/rake:23
Migrating to CreateUsers (20180420214438)
  [1m[35m (0.1ms)[0m  [1m[36mbegin transaction[0m
  ↳ /Users/Spencer/.rvm/gems/ruby-2.4.2/bin/rake:23
  [1m[35m (0.1ms)[0m  [1m[34mSELECT sqlite_version(*)[0m
  ↳ db/migrate/20180420214438_create_users.rb:3
  [1m[35m (0.4ms)[0m  [1m[35mCREATE TABLE "users" ("id" integer PRIMARY KEY AUTOINCREMENT NOT NULL, "name" varchar, "email" varchar, "currentXp" integer, "level" integer, "streak" integer, "created_at" datetime NOT NULL, "updated_at" datetime NOT NULL)[0m
  ↳ db/migrate/20180420214438_create_users.rb:3
  [1m[36mActiveRecord::SchemaMigration Create (0.1ms)[0m  [1m[32mINSERT INTO "schema_migrations" ("version") VALUES (?)[0m  [["version", "20180420214438"]]
  ↳ /Users/Spencer/.rvm/gems/ruby-2.4.2/bin/rake:23
  [1m[35m (1.0ms)[0m  [1m[36mcommit transaction[0m
  ↳ /Users/Spencer/.rvm/gems/ruby-2.4.2/bin/rake:23
  [1m[36mActiveRecord::InternalMetadata Load (0.2ms)[0m  [1m[34mSELECT  "ar_internal_metadata".* FROM "ar_internal_metadata" WHERE "ar_internal_metadata"."key" = ? LIMIT ?[0m  [["key", "environment"], ["LIMIT", 1]]
  ↳ /Users/Spencer/.rvm/gems/ruby-2.4.2/bin/rake:23
  [1m[35m (0.0ms)[0m  [1m[36mbegin transaction[0m
  ↳ /Users/Spencer/.rvm/gems/ruby-2.4.2/bin/rake:23
  [1m[36mActiveRecord::InternalMetadata Create (0.2ms)[0m  [1m[32mINSERT INTO "ar_internal_metadata" ("key", "value", "created_at", "updated_at") VALUES (?, ?, ?, ?)[0m  [["key", "environment"], ["value", "development"], ["created_at", "2018-04-20 21:55:22.035968"], ["updated_at", "2018-04-20 21:55:22.035968"]]
  ↳ /Users/Spencer/.rvm/gems/ruby-2.4.2/bin/rake:23
  [1m[35m (0.7ms)[0m  [1m[36mcommit transaction[0m
  ↳ /Users/Spencer/.rvm/gems/ruby-2.4.2/bin/rake:23
  [1m[35m (0.1ms)[0m  [1m[34mSELECT "schema_migrations"."version" FROM "schema_migrations" ORDER BY "schema_migrations"."version" ASC[0m
  ↳ /Users/Spencer/.rvm/gems/ruby-2.4.2/bin/rake:23
Started GET "/" for 127.0.0.1 at 2018-04-21 07:55:38 +1000
  [1m[35m (0.1ms)[0m  [1m[34mSELECT "schema_migrations"."version" FROM "schema_migrations" ORDER BY "schema_migrations"."version" ASC[0m
  ↳ /Users/Spencer/.rvm/gems/ruby-2.4.2/gems/activerecord-5.2.0/lib/active_record/log_subscriber.rb:98
Processing by Rails::WelcomeController#index as HTML
  Rendering /Users/Spencer/.rvm/gems/ruby-2.4.2/gems/railties-5.2.0/lib/rails/templates/rails/welcome/index.html.erb
  Rendered /Users/Spencer/.rvm/gems/ruby-2.4.2/gems/railties-5.2.0/lib/rails/templates/rails/welcome/index.html.erb (3.4ms)
Completed 200 OK in 20ms (Views: 9.4ms | ActiveRecord: 0.0ms)


Started GET "/users" for 127.0.0.1 at 2018-04-21 07:55:42 +1000
Processing by UsersController#index as HTML
  Rendering users/index.html.erb within layouts/application
  [1m[36mUser Load (0.3ms)[0m  [1m[34mSELECT "users".* FROM "users"[0m
  ↳ app/views/users/index.html.erb:15
  Rendered users/index.html.erb within layouts/application (3.2ms)
Completed 200 OK in 416ms (Views: 411.9ms | ActiveRecord: 0.7ms)


Started GET "/users/new" for 127.0.0.1 at 2018-04-21 07:55:44 +1000
Processing by UsersController#new as HTML
  Rendering users/new.html.erb within layouts/application
  Rendered users/_form.html.erb (19.9ms)
  Rendered users/new.html.erb within layouts/application (21.6ms)
Completed 200 OK in 49ms (Views: 38.9ms | ActiveRecord: 0.5ms)


Started POST "/users" for 127.0.0.1 at 2018-04-21 07:55:57 +1000
Processing by UsersController#create as HTML
  Parameters: {"utf8"=>"✓", "authenticity_token"=>"BKZePZO+6yNcUxPOKeEh3XFNpcl3VWLkhZiSVnBpYgkqyGkenLv5Uwz9fjzdYzIvCfeOYSJvH8HV+o71TuY7vQ==", "user"=>{"name"=>"Spencer", "email"=>""}, "commit"=>"Create User"}
  [1m[35m (0.1ms)[0m  [1m[36mbegin transaction[0m
  ↳ app/controllers/users_controller.rb:30
  [1m[36mUser Create (0.3ms)[0m  [1m[32mINSERT INTO "users" ("name", "email", "created_at", "updated_at") VALUES (?, ?, ?, ?)[0m  [["name", "Spencer"], ["email", ""], ["created_at", "2018-04-20 21:55:57.061381"], ["updated_at", "2018-04-20 21:55:57.061381"]]
  ↳ app/controllers/users_controller.rb:30
  [1m[35m (0.8ms)[0m  [1m[36mcommit transaction[0m
  ↳ app/controllers/users_controller.rb:30
Redirected to http://localhost:3000/users/1
Completed 302 Found in 4ms (ActiveRecord: 1.2ms)


Started GET "/users/1" for 127.0.0.1 at 2018-04-21 07:55:57 +1000
Processing by UsersController#show as HTML
  Parameters: {"id"=>"1"}
  [1m[36mUser Load (0.4ms)[0m  [1m[34mSELECT  "users".* FROM "users" WHERE "users"."id" = ? LIMIT ?[0m  [["id", 1], ["LIMIT", 1]]
  ↳ app/controllers/users_controller.rb:67
  Rendering users/show.html.erb within layouts/application
  Rendered users/show.html.erb within layouts/application (0.6ms)
Completed 200 OK in 19ms (Views: 14.1ms | ActiveRecord: 0.4ms)


Started GET "/users" for 127.0.0.1 at 2018-04-21 07:55:59 +1000
Processing by UsersController#index as HTML
  Rendering users/index.html.erb within layouts/application
  [1m[36mUser Load (0.2ms)[0m  [1m[34mSELECT "users".* FROM "users"[0m
  ↳ app/views/users/index.html.erb:15
  Rendered users/index.html.erb within layouts/application (1.7ms)
Completed 200 OK in 21ms (Views: 17.8ms | ActiveRecord: 0.2ms)


Started GET "/" for 127.0.0.1 at 2018-04-21 08:32:18 +1000
  [1m[35m (0.1ms)[0m  [1m[34mSELECT "schema_migrations"."version" FROM "schema_migrations" ORDER BY "schema_migrations"."version" ASC[0m
  ↳ /Users/Spencer/.rvm/gems/ruby-2.4.2/gems/activerecord-5.2.0/lib/active_record/log_subscriber.rb:98
Processing by Rails::WelcomeController#index as HTML
  Rendering /Users/Spencer/.rvm/gems/ruby-2.4.2/gems/railties-5.2.0/lib/rails/templates/rails/welcome/index.html.erb
  Rendered /Users/Spencer/.rvm/gems/ruby-2.4.2/gems/railties-5.2.0/lib/rails/templates/rails/welcome/index.html.erb (4.9ms)
Completed 200 OK in 23ms (Views: 12.4ms | ActiveRecord: 0.0ms)


Started GET "/users" for 127.0.0.1 at 2018-04-21 08:32:21 +1000
Processing by UsersController#index as HTML
  Rendering users/index.html.erb within layouts/application
  [1m[36mUser Load (0.2ms)[0m  [1m[34mSELECT "users".* FROM "users"[0m
  ↳ app/views/users/index.html.erb:15
  Rendered users/index.html.erb within layouts/application (10.3ms)
Completed 200 OK in 254ms (Views: 249.4ms | ActiveRecord: 0.7ms)


Started GET "/users/1" for 127.0.0.1 at 2018-04-21 08:32:23 +1000
Processing by UsersController#show as HTML
  Parameters: {"id"=>"1"}
  [1m[36mUser Load (0.2ms)[0m  [1m[34mSELECT  "users".* FROM "users" WHERE "users"."id" = ? LIMIT ?[0m  [["id", 1], ["LIMIT", 1]]
  ↳ app/controllers/users_controller.rb:67
  Rendering users/show.html.erb within layouts/application
  Rendered users/show.html.erb within layouts/application (0.7ms)
Completed 200 OK in 21ms (Views: 15.8ms | ActiveRecord: 0.2ms)


Started GET "/users" for 127.0.0.1 at 2018-04-21 08:32:26 +1000
Processing by UsersController#index as HTML
  Rendering users/index.html.erb within layouts/application
  [1m[36mUser Load (0.2ms)[0m  [1m[34mSELECT "users".* FROM "users"[0m
  ↳ app/views/users/index.html.erb:15
  Rendered users/index.html.erb within layouts/application (1.6ms)
Completed 200 OK in 24ms (Views: 21.1ms | ActiveRecord: 0.2ms)


Started DELETE "/users/1" for 127.0.0.1 at 2018-04-21 08:32:32 +1000
Processing by UsersController#destroy as HTML
  Parameters: {"authenticity_token"=>"wWpJ0BA8nyy8aKeek8hYZU/hl2FuKQfu8dcn1uuXzp+RlMACvjQihr9H45uHVD/NKyAJ+P/68DJ3/LeLEXiTNw==", "id"=>"1"}
  [1m[36mUser Load (0.2ms)[0m  [1m[34mSELECT  "users".* FROM "users" WHERE "users"."id" = ? LIMIT ?[0m  [["id", 1], ["LIMIT", 1]]
  ↳ app/controllers/users_controller.rb:67
  [1m[35m (0.1ms)[0m  [1m[36mbegin transaction[0m
  ↳ app/controllers/users_controller.rb:57
  [1m[36mUser Destroy (1.5ms)[0m  [1m[31mDELETE FROM "users" WHERE "users"."id" = ?[0m  [["id", 1]]
  ↳ app/controllers/users_controller.rb:57
  [1m[35m (1.1ms)[0m  [1m[36mcommit transaction[0m
  ↳ app/controllers/users_controller.rb:57
Redirected to http://localhost:3000/users
Completed 302 Found in 8ms (ActiveRecord: 2.8ms)


Started GET "/users" for 127.0.0.1 at 2018-04-21 08:32:32 +1000
Processing by UsersController#index as HTML
  Rendering users/index.html.erb within layouts/application
  [1m[36mUser Load (0.3ms)[0m  [1m[34mSELECT "users".* FROM "users"[0m
  ↳ app/views/users/index.html.erb:15
  Rendered users/index.html.erb within layouts/application (1.4ms)
Completed 200 OK in 19ms (Views: 16.8ms | ActiveRecord: 0.3ms)


Started GET "/users/new" for 127.0.0.1 at 2018-04-21 08:33:51 +1000
Processing by UsersController#new as HTML
  Rendering users/new.html.erb within layouts/application
  Rendered users/_form.html.erb (21.5ms)
  Rendered users/new.html.erb within layouts/application (23.6ms)
Completed 200 OK in 45ms (Views: 42.6ms | ActiveRecord: 0.0ms)


Started POST "/users" for 127.0.0.1 at 2018-04-21 08:34:00 +1000
Processing by UsersController#create as HTML
  Parameters: {"utf8"=>"✓", "authenticity_token"=>"/MNPcxN7JwNR/2Z34PGcX60u1CO8OmUxABK0eqy+R6PSrXhQHH41cwFRC4UUc4+t1ZT/i+kAGBRQcKjZkjEeFw==", "user"=>{"name"=>"Spencer Horton", "email"=>"spencerhorton5@icloud.com"}, "commit"=>"Create User"}
  [1m[35m (0.1ms)[0m  [1m[36mbegin transaction[0m
  ↳ app/controllers/users_controller.rb:30
  [1m[36mUser Create (0.5ms)[0m  [1m[32mINSERT INTO "users" ("name", "email", "created_at", "updated_at") VALUES (?, ?, ?, ?)[0m  [["name", "Spencer Horton"], ["email", "spencerhorton5@icloud.com"], ["created_at", "2018-04-20 22:34:00.651454"], ["updated_at", "2018-04-20 22:34:00.651454"]]
  ↳ app/controllers/users_controller.rb:30
  [1m[35m (0.8ms)[0m  [1m[36mcommit transaction[0m
  ↳ app/controllers/users_controller.rb:30
Redirected to http://localhost:3000/users/2
Completed 302 Found in 5ms (ActiveRecord: 1.3ms)


Started GET "/users/2" for 127.0.0.1 at 2018-04-21 08:34:00 +1000
Processing by UsersController#show as HTML
  Parameters: {"id"=>"2"}
  [1m[36mUser Load (0.1ms)[0m  [1m[34mSELECT  "users".* FROM "users" WHERE "users"."id" = ? LIMIT ?[0m  [["id", 2], ["LIMIT", 1]]
  ↳ app/controllers/users_controller.rb:67
  Rendering users/show.html.erb within layouts/application
  Rendered users/show.html.erb within layouts/application (0.7ms)
Completed 200 OK in 21ms (Views: 19.1ms | ActiveRecord: 0.1ms)


Started GET "/users" for 127.0.0.1 at 2018-04-21 08:34:02 +1000
Processing by UsersController#index as HTML
  Rendering users/index.html.erb within layouts/application
  [1m[36mUser Load (0.2ms)[0m  [1m[34mSELECT "users".* FROM "users"[0m
  ↳ app/views/users/index.html.erb:15
  Rendered users/index.html.erb within layouts/application (1.7ms)
Completed 200 OK in 19ms (Views: 16.7ms | ActiveRecord: 0.2ms)


Started GET "/users/2" for 127.0.0.1 at 2018-04-21 08:34:03 +1000
Processing by UsersController#show as HTML
  Parameters: {"id"=>"2"}
  [1m[36mUser Load (0.1ms)[0m  [1m[34mSELECT  "users".* FROM "users" WHERE "users"."id" = ? LIMIT ?[0m  [["id", 2], ["LIMIT", 1]]
  ↳ app/controllers/users_controller.rb:67
  Rendering users/show.html.erb within layouts/application
  Rendered users/show.html.erb within layouts/application (0.7ms)
Completed 200 OK in 32ms (Views: 28.9ms | ActiveRecord: 0.1ms)


Started GET "/users" for 127.0.0.1 at 2018-04-21 08:34:04 +1000
Processing by UsersController#index as HTML
  Rendering users/index.html.erb within layouts/application
  [1m[36mUser Load (0.2ms)[0m  [1m[34mSELECT "users".* FROM "users"[0m
  ↳ app/views/users/index.html.erb:15
  Rendered users/index.html.erb within layouts/application (1.8ms)
Completed 200 OK in 22ms (Views: 18.9ms | ActiveRecord: 0.2ms)


Started GET "/users/2/edit" for 127.0.0.1 at 2018-04-21 08:34:04 +1000
Processing by UsersController#edit as HTML
  Parameters: {"id"=>"2"}
  [1m[36mUser Load (0.2ms)[0m  [1m[34mSELECT  "users".* FROM "users" WHERE "users"."id" = ? LIMIT ?[0m  [["id", 2], ["LIMIT", 1]]
  ↳ app/controllers/users_controller.rb:67
  Rendering users/edit.html.erb within layouts/application
  Rendered users/_form.html.erb (1.9ms)
  Rendered users/edit.html.erb within layouts/application (3.6ms)
Completed 200 OK in 23ms (Views: 20.0ms | ActiveRecord: 0.2ms)


Started GET "/users" for 127.0.0.1 at 2018-04-21 08:34:05 +1000
Processing by UsersController#index as HTML
  Rendering users/index.html.erb within layouts/application
  [1m[36mUser Load (0.1ms)[0m  [1m[34mSELECT "users".* FROM "users"[0m
  ↳ app/views/users/index.html.erb:15
  Rendered users/index.html.erb within layouts/application (1.7ms)
Completed 200 OK in 21ms (Views: 18.6ms | ActiveRecord: 0.1ms)


Started GET "/favicon.ico" for 127.0.0.1 at 2018-04-21 08:51:35 +1000
  
LoadError (cannot load such file -- /Users/Spencer/Desktop/HackathonFolder/Hackathon/config/routes.rb):
  
bootsnap (1.3.0) lib/bootsnap/load_path_cache/core_ext/kernel_require.rb:50:in `load'
bootsnap (1.3.0) lib/bootsnap/load_path_cache/core_ext/kernel_require.rb:50:in `load'
activesupport (5.2.0) lib/active_support/dependencies.rb:277:in `block in load'
activesupport (5.2.0) lib/active_support/dependencies.rb:249:in `load_dependency'
activesupport (5.2.0) lib/active_support/dependencies.rb:277:in `load'
railties (5.2.0) lib/rails/application/routes_reloader.rb:57:in `block in load_paths'
railties (5.2.0) lib/rails/application/routes_reloader.rb:57:in `each'
railties (5.2.0) lib/rails/application/routes_reloader.rb:57:in `load_paths'
railties (5.2.0) lib/rails/application/routes_reloader.rb:20:in `reload!'
railties (5.2.0) lib/rails/application/routes_reloader.rb:43:in `block in updater'
activesupport (5.2.0) lib/active_support/file_update_checker.rb:83:in `execute'
railties (5.2.0) lib/rails/application/routes_reloader.rb:27:in `execute'
railties (5.2.0) lib/rails/application/finisher.rb:143:in `block (2 levels) in <module:Finisher>'
activesupport (5.2.0) lib/active_support/callbacks.rb:426:in `instance_exec'
activesupport (5.2.0) lib/active_support/callbacks.rb:426:in `block in make_lambda'
activesupport (5.2.0) lib/active_support/callbacks.rb:198:in `block (2 levels) in halting'
activesupport (5.2.0) lib/active_support/callbacks.rb:606:in `block (2 levels) in default_terminator'
activesupport (5.2.0) lib/active_support/callbacks.rb:605:in `catch'
activesupport (5.2.0) lib/active_support/callbacks.rb:605:in `block in default_terminator'
activesupport (5.2.0) lib/active_support/callbacks.rb:199:in `block in halting'
activesupport (5.2.0) lib/active_support/callbacks.rb:513:in `block in invoke_before'
activesupport (5.2.0) lib/active_support/callbacks.rb:513:in `each'
activesupport (5.2.0) lib/active_support/callbacks.rb:513:in `invoke_before'
activesupport (5.2.0) lib/active_support/callbacks.rb:131:in `run_callbacks'
activesupport (5.2.0) lib/active_support/execution_wrapper.rb:110:in `run!'
activesupport (5.2.0) lib/active_support/reloader.rb:115:in `run!'
activesupport (5.2.0) lib/active_support/execution_wrapper.rb:72:in `block in run!'
activesupport (5.2.0) lib/active_support/execution_wrapper.rb:69:in `tap'
activesupport (5.2.0) lib/active_support/execution_wrapper.rb:69:in `run!'
activesupport (5.2.0) lib/active_support/reloader.rb:64:in `run!'
actionpack (5.2.0) lib/action_dispatch/middleware/executor.rb:12:in `call'
actionpack (5.2.0) lib/action_dispatch/middleware/debug_exceptions.rb:61:in `call'
web-console (3.6.1) lib/web_console/middleware.rb:135:in `call_app'
web-console (3.6.1) lib/web_console/middleware.rb:30:in `block in call'
web-console (3.6.1) lib/web_console/middleware.rb:20:in `catch'
web-console (3.6.1) lib/web_console/middleware.rb:20:in `call'
actionpack (5.2.0) lib/action_dispatch/middleware/show_exceptions.rb:33:in `call'
railties (5.2.0) lib/rails/rack/logger.rb:38:in `call_app'
railties (5.2.0) lib/rails/rack/logger.rb:26:in `block in call'
activesupport (5.2.0) lib/active_support/tagged_logging.rb:71:in `block in tagged'
activesupport (5.2.0) lib/active_support/tagged_logging.rb:28:in `tagged'
activesupport (5.2.0) lib/active_support/tagged_logging.rb:71:in `tagged'
railties (5.2.0) lib/rails/rack/logger.rb:26:in `call'
sprockets-rails (3.2.1) lib/sprockets/rails/quiet_assets.rb:13:in `call'
actionpack (5.2.0) lib/action_dispatch/middleware/remote_ip.rb:81:in `call'
actionpack (5.2.0) lib/action_dispatch/middleware/request_id.rb:27:in `call'
rack (2.0.4) lib/rack/method_override.rb:22:in `call'
rack (2.0.4) lib/rack/runtime.rb:22:in `call'
activesupport (5.2.0) lib/active_support/cache/strategy/local_cache_middleware.rb:29:in `call'
actionpack (5.2.0) lib/action_dispatch/middleware/executor.rb:14:in `call'
actionpack (5.2.0) lib/action_dispatch/middleware/static.rb:127:in `call'
rack (2.0.4) lib/rack/sendfile.rb:111:in `call'
railties (5.2.0) lib/rails/engine.rb:524:in `call'
puma (3.11.4) lib/puma/configuration.rb:225:in `call'
puma (3.11.4) lib/puma/server.rb:632:in `handle_request'
puma (3.11.4) lib/puma/server.rb:446:in `process_client'
puma (3.11.4) lib/puma/server.rb:306:in `block in run'
puma (3.11.4) lib/puma/thread_pool.rb:120:in `block in spawn_thread'
Started GET "/favicon.ico" for 127.0.0.1 at 2018-04-21 08:51:44 +1000
  
RuntimeError (Cannot load `Rails.application.database_configuration`:
Could not load database configuration. No such file - ["config/database.yml"]):
  
railties (5.2.0) lib/rails/application/configuration.rb:185:in `database_configuration'
activerecord (5.2.0) lib/active_record/railtie.rb:133:in `block (2 levels) in <class:Railtie>'
activesupport (5.2.0) lib/active_support/lazy_load_hooks.rb:71:in `instance_eval'
activesupport (5.2.0) lib/active_support/lazy_load_hooks.rb:71:in `block in execute_hook'
activesupport (5.2.0) lib/active_support/lazy_load_hooks.rb:62:in `with_execution_control'
activesupport (5.2.0) lib/active_support/lazy_load_hooks.rb:67:in `execute_hook'
activesupport (5.2.0) lib/active_support/lazy_load_hooks.rb:52:in `block in run_load_hooks'
activesupport (5.2.0) lib/active_support/lazy_load_hooks.rb:51:in `each'
activesupport (5.2.0) lib/active_support/lazy_load_hooks.rb:51:in `run_load_hooks'
activerecord (5.2.0) lib/active_record/base.rb:328:in `<module:ActiveRecord>'
activerecord (5.2.0) lib/active_record/base.rb:27:in `<main>'
bootsnap (1.3.0) lib/bootsnap/load_path_cache/core_ext/kernel_require.rb:21:in `require'
bootsnap (1.3.0) lib/bootsnap/load_path_cache/core_ext/kernel_require.rb:21:in `block in require_with_bootsnap_lfi'
bootsnap (1.3.0) lib/bootsnap/load_path_cache/loaded_features_index.rb:65:in `register'
bootsnap (1.3.0) lib/bootsnap/load_path_cache/core_ext/kernel_require.rb:20:in `require_with_bootsnap_lfi'
bootsnap (1.3.0) lib/bootsnap/load_path_cache/core_ext/kernel_require.rb:29:in `require'
activesupport (5.2.0) lib/active_support/dependencies.rb:283:in `block in require'
activesupport (5.2.0) lib/active_support/dependencies.rb:249:in `load_dependency'
activesupport (5.2.0) lib/active_support/dependencies.rb:283:in `require'
activerecord (5.2.0) lib/active_record/migration.rb:554:in `call'
actionpack (5.2.0) lib/action_dispatch/middleware/callbacks.rb:28:in `block in call'
activesupport (5.2.0) lib/active_support/callbacks.rb:98:in `run_callbacks'
actionpack (5.2.0) lib/action_dispatch/middleware/callbacks.rb:26:in `call'
actionpack (5.2.0) lib/action_dispatch/middleware/executor.rb:14:in `call'
actionpack (5.2.0) lib/action_dispatch/middleware/debug_exceptions.rb:61:in `call'
web-console (3.6.1) lib/web_console/middleware.rb:135:in `call_app'
web-console (3.6.1) lib/web_console/middleware.rb:30:in `block in call'
web-console (3.6.1) lib/web_console/middleware.rb:20:in `catch'
web-console (3.6.1) lib/web_console/middleware.rb:20:in `call'
actionpack (5.2.0) lib/action_dispatch/middleware/show_exceptions.rb:33:in `call'
railties (5.2.0) lib/rails/rack/logger.rb:38:in `call_app'
railties (5.2.0) lib/rails/rack/logger.rb:26:in `block in call'
activesupport (5.2.0) lib/active_support/tagged_logging.rb:71:in `block in tagged'
activesupport (5.2.0) lib/active_support/tagged_logging.rb:28:in `tagged'
activesupport (5.2.0) lib/active_support/tagged_logging.rb:71:in `tagged'
railties (5.2.0) lib/rails/rack/logger.rb:26:in `call'
sprockets-rails (3.2.1) lib/sprockets/rails/quiet_assets.rb:13:in `call'
actionpack (5.2.0) lib/action_dispatch/middleware/remote_ip.rb:81:in `call'
actionpack (5.2.0) lib/action_dispatch/middleware/request_id.rb:27:in `call'
rack (2.0.4) lib/rack/method_override.rb:22:in `call'
rack (2.0.4) lib/rack/runtime.rb:22:in `call'
activesupport (5.2.0) lib/active_support/cache/strategy/local_cache_middleware.rb:29:in `call'
actionpack (5.2.0) lib/action_dispatch/middleware/executor.rb:14:in `call'
actionpack (5.2.0) lib/action_dispatch/middleware/static.rb:127:in `call'
rack (2.0.4) lib/rack/sendfile.rb:111:in `call'
railties (5.2.0) lib/rails/engine.rb:524:in `call'
puma (3.11.4) lib/puma/configuration.rb:225:in `call'
puma (3.11.4) lib/puma/server.rb:632:in `handle_request'
puma (3.11.4) lib/puma/server.rb:446:in `process_client'
puma (3.11.4) lib/puma/server.rb:306:in `block in run'
puma (3.11.4) lib/puma/thread_pool.rb:120:in `block in spawn_thread'
Started GET "/favicon.ico" for 127.0.0.1 at 2018-04-21 08:51:46 +1000
  
ActiveRecord::ConnectionNotEstablished (No connection pool with 'primary' found.):
  
activerecord (5.2.0) lib/active_record/connection_adapters/abstract/connection_pool.rb:1007:in `retrieve_connection'
activerecord (5.2.0) lib/active_record/connection_handling.rb:118:in `retrieve_connection'
activerecord (5.2.0) lib/active_record/connection_handling.rb:90:in `connection'
activerecord (5.2.0) lib/active_record/migration.rb:554:in `call'
actionpack (5.2.0) lib/action_dispatch/middleware/callbacks.rb:28:in `block in call'
activesupport (5.2.0) lib/active_support/callbacks.rb:98:in `run_callbacks'
actionpack (5.2.0) lib/action_dispatch/middleware/callbacks.rb:26:in `call'
actionpack (5.2.0) lib/action_dispatch/middleware/executor.rb:14:in `call'
actionpack (5.2.0) lib/action_dispatch/middleware/debug_exceptions.rb:61:in `call'
web-console (3.6.1) lib/web_console/middleware.rb:135:in `call_app'
web-console (3.6.1) lib/web_console/middleware.rb:30:in `block in call'
web-console (3.6.1) lib/web_console/middleware.rb:20:in `catch'
web-console (3.6.1) lib/web_console/middleware.rb:20:in `call'
actionpack (5.2.0) lib/action_dispatch/middleware/show_exceptions.rb:33:in `call'
railties (5.2.0) lib/rails/rack/logger.rb:38:in `call_app'
railties (5.2.0) lib/rails/rack/logger.rb:26:in `block in call'
activesupport (5.2.0) lib/active_support/tagged_logging.rb:71:in `block in tagged'
activesupport (5.2.0) lib/active_support/tagged_logging.rb:28:in `tagged'
activesupport (5.2.0) lib/active_support/tagged_logging.rb:71:in `tagged'
railties (5.2.0) lib/rails/rack/logger.rb:26:in `call'
sprockets-rails (3.2.1) lib/sprockets/rails/quiet_assets.rb:13:in `call'
actionpack (5.2.0) lib/action_dispatch/middleware/remote_ip.rb:81:in `call'
actionpack (5.2.0) lib/action_dispatch/middleware/request_id.rb:27:in `call'
rack (2.0.4) lib/rack/method_override.rb:22:in `call'
rack (2.0.4) lib/rack/runtime.rb:22:in `call'
activesupport (5.2.0) lib/active_support/cache/strategy/local_cache_middleware.rb:29:in `call'
actionpack (5.2.0) lib/action_dispatch/middleware/executor.rb:14:in `call'
actionpack (5.2.0) lib/action_dispatch/middleware/static.rb:127:in `call'
rack (2.0.4) lib/rack/sendfile.rb:111:in `call'
railties (5.2.0) lib/rails/engine.rb:524:in `call'
puma (3.11.4) lib/puma/configuration.rb:225:in `call'
puma (3.11.4) lib/puma/server.rb:632:in `handle_request'
puma (3.11.4) lib/puma/server.rb:446:in `process_client'
puma (3.11.4) lib/puma/server.rb:306:in `block in run'
puma (3.11.4) lib/puma/thread_pool.rb:120:in `block in spawn_thread'
Started GET "/favicon.ico" for 127.0.0.1 at 2018-04-21 08:51:47 +1000
  
ActiveRecord::ConnectionNotEstablished (No connection pool with 'primary' found.):
  
activerecord (5.2.0) lib/active_record/connection_adapters/abstract/connection_pool.rb:1007:in `retrieve_connection'
activerecord (5.2.0) lib/active_record/connection_handling.rb:118:in `retrieve_connection'
activerecord (5.2.0) lib/active_record/connection_handling.rb:90:in `connection'
activerecord (5.2.0) lib/active_record/migration.rb:554:in `call'
actionpack (5.2.0) lib/action_dispatch/middleware/callbacks.rb:28:in `block in call'
activesupport (5.2.0) lib/active_support/callbacks.rb:98:in `run_callbacks'
actionpack (5.2.0) lib/action_dispatch/middleware/callbacks.rb:26:in `call'
actionpack (5.2.0) lib/action_dispatch/middleware/executor.rb:14:in `call'
actionpack (5.2.0) lib/action_dispatch/middleware/debug_exceptions.rb:61:in `call'
web-console (3.6.1) lib/web_console/middleware.rb:135:in `call_app'
web-console (3.6.1) lib/web_console/middleware.rb:30:in `block in call'
web-console (3.6.1) lib/web_console/middleware.rb:20:in `catch'
web-console (3.6.1) lib/web_console/middleware.rb:20:in `call'
actionpack (5.2.0) lib/action_dispatch/middleware/show_exceptions.rb:33:in `call'
railties (5.2.0) lib/rails/rack/logger.rb:38:in `call_app'
railties (5.2.0) lib/rails/rack/logger.rb:26:in `block in call'
activesupport (5.2.0) lib/active_support/tagged_logging.rb:71:in `block in tagged'
activesupport (5.2.0) lib/active_support/tagged_logging.rb:28:in `tagged'
activesupport (5.2.0) lib/active_support/tagged_logging.rb:71:in `tagged'
railties (5.2.0) lib/rails/rack/logger.rb:26:in `call'
sprockets-rails (3.2.1) lib/sprockets/rails/quiet_assets.rb:13:in `call'
actionpack (5.2.0) lib/action_dispatch/middleware/remote_ip.rb:81:in `call'
actionpack (5.2.0) lib/action_dispatch/middleware/request_id.rb:27:in `call'
rack (2.0.4) lib/rack/method_override.rb:22:in `call'
rack (2.0.4) lib/rack/runtime.rb:22:in `call'
activesupport (5.2.0) lib/active_support/cache/strategy/local_cache_middleware.rb:29:in `call'
actionpack (5.2.0) lib/action_dispatch/middleware/executor.rb:14:in `call'
actionpack (5.2.0) lib/action_dispatch/middleware/static.rb:127:in `call'
rack (2.0.4) lib/rack/sendfile.rb:111:in `call'
railties (5.2.0) lib/rails/engine.rb:524:in `call'
puma (3.11.4) lib/puma/configuration.rb:225:in `call'
puma (3.11.4) lib/puma/server.rb:632:in `handle_request'
puma (3.11.4) lib/puma/server.rb:446:in `process_client'
puma (3.11.4) lib/puma/server.rb:306:in `block in run'
puma (3.11.4) lib/puma/thread_pool.rb:120:in `block in spawn_thread'
Started GET "/users" for 127.0.0.1 at 2018-04-21 09:11:42 +1000
  [1m[35m (0.5ms)[0m  [1m[34mSELECT "schema_migrations"."version" FROM "schema_migrations" ORDER BY "schema_migrations"."version" ASC[0m
  ↳ /Users/Spencer/.rvm/gems/ruby-2.4.2/gems/activerecord-5.2.0/lib/active_record/log_subscriber.rb:98
Processing by UsersController#index as HTML
  Rendering users/index.html.erb within layouts/application
  [1m[36mUser Load (0.4ms)[0m  [1m[34mSELECT "users".* FROM "users"[0m
  ↳ app/views/users/index.html.erb:15
  Rendered users/index.html.erb within layouts/application (12.7ms)
Completed 200 OK in 236ms (Views: 219.1ms | ActiveRecord: 0.9ms)


Started GET "/users/new" for 127.0.0.1 at 2018-04-21 09:11:45 +1000
Processing by UsersController#new as HTML
  Rendering users/new.html.erb within layouts/application
  Rendered users/_form.html.erb (9.5ms)
  Rendered users/new.html.erb within layouts/application (11.4ms)
Completed 200 OK in 30ms (Views: 26.2ms | ActiveRecord: 0.0ms)


Started POST "/users" for 127.0.0.1 at 2018-04-21 09:11:54 +1000
Processing by UsersController#create as HTML
  Parameters: {"utf8"=>"✓", "authenticity_token"=>"/3ryRJQRLKvTM/Pro7dvvpC6MmS/yz0I//Nh5/HOoAzRFMVnmxQ+24OdnhlXNXxM6AAZzOrxQC2vkX1Ez0H5uA==", "user"=>{"name"=>"Spencer Horton", "email"=>"dsfasdf@vdsfds.com"}, "commit"=>"Create User"}
  [1m[35m (0.1ms)[0m  [1m[36mbegin transaction[0m
  ↳ app/controllers/users_controller.rb:30
  [1m[36mUser Create (0.8ms)[0m  [1m[32mINSERT INTO "users" ("name", "email", "created_at", "updated_at") VALUES (?, ?, ?, ?)[0m  [["name", "Spencer Horton"], ["email", "dsfasdf@vdsfds.com"], ["created_at", "2018-04-20 23:11:54.489053"], ["updated_at", "2018-04-20 23:11:54.489053"]]
  ↳ app/controllers/users_controller.rb:30
  [1m[35m (2.0ms)[0m  [1m[36mcommit transaction[0m
  ↳ app/controllers/users_controller.rb:30
Redirected to http://localhost:3000/users/3
Completed 302 Found in 6ms (ActiveRecord: 2.8ms)


Started GET "/users/3" for 127.0.0.1 at 2018-04-21 09:11:54 +1000
Processing by UsersController#show as HTML
  Parameters: {"id"=>"3"}
  [1m[36mUser Load (0.3ms)[0m  [1m[34mSELECT  "users".* FROM "users" WHERE "users"."id" = ? LIMIT ?[0m  [["id", 3], ["LIMIT", 1]]
  ↳ app/controllers/users_controller.rb:67
  Rendering users/show.html.erb within layouts/application
  Rendered users/show.html.erb within layouts/application (0.6ms)
Completed 200 OK in 20ms (Views: 15.6ms | ActiveRecord: 0.3ms)


Started GET "/users" for 127.0.0.1 at 2018-04-21 09:11:59 +1000
Processing by UsersController#index as HTML
  Rendering users/index.html.erb within layouts/application
  [1m[36mUser Load (0.2ms)[0m  [1m[34mSELECT "users".* FROM "users"[0m
  ↳ app/views/users/index.html.erb:15
  Rendered users/index.html.erb within layouts/application (1.9ms)
Completed 200 OK in 19ms (Views: 16.8ms | ActiveRecord: 0.2ms)


